0 info it worked if it ends with ok
1 verbose cli [ 'E:\\node.js\\node.exe',
1 verbose cli   'C:\\Users\\obeing\\AppData\\Roaming\\npm\\node_modules\\npm\\bin\\npm-cli.js',
1 verbose cli   'start' ]
2 info using npm@4.0.2
3 info using node@v4.6.0
4 verbose run-script [ 'prestart', 'start', 'poststart' ]
5 info lifecycle resume@1.0.0~prestart: resume@1.0.0
6 silly lifecycle resume@1.0.0~prestart: no script for prestart, continuing
7 info lifecycle resume@1.0.0~start: resume@1.0.0
8 verbose lifecycle resume@1.0.0~start: unsafe-perm in lifecycle true
9 verbose lifecycle resume@1.0.0~start: PATH: C:\Users\obeing\AppData\Roaming\npm\node_modules\npm\bin\node-gyp-bin;E:\code\resume\server\node_modules\.bin;C:\Program Files (x86)\Intel\iCLS Client\;C:\Program Files\Intel\iCLS Client\;C:\Windows\system32;C:\Windows;C:\Windows\System32\Wbem;C:\Windows\System32\WindowsPowerShell\v1.0\;C:\Program Files (x86)\Intel\Intel(R) Management Engine Components\DAL;C:\Program Files\Intel\Intel(R) Management Engine Components\DAL;C:\Program Files (x86)\Intel\Intel(R) Management Engine Components\IPT;C:\Program Files\Intel\Intel(R) Management Engine Components\IPT;C:\Program Files (x86)\NVIDIA Corporation\PhysX\Common;C:\Program Files\Intel\WiFi\bin\;C:\Program Files\Common Files\Intel\WirelessCommon\;E:\node.js\;C:\Users\obeing\AppData\Local\Microsoft\WindowsApps;C:\Users\obeing\AppData\Roaming\npm
10 verbose lifecycle resume@1.0.0~start: CWD: E:\code\resume\server
11 silly lifecycle resume@1.0.0~start: Args: [ '/d /s /c', 'node ./bin/www' ]
12 silly lifecycle resume@1.0.0~start: Returned: code: 1  signal: null
13 info lifecycle resume@1.0.0~start: Failed to exec start script
14 verbose stack Error: resume@1.0.0 start: `node ./bin/www`
14 verbose stack Exit status 1
14 verbose stack     at EventEmitter.<anonymous> (C:\Users\obeing\AppData\Roaming\npm\node_modules\npm\lib\utils\lifecycle.js:279:16)
14 verbose stack     at emitTwo (events.js:87:13)
14 verbose stack     at EventEmitter.emit (events.js:172:7)
14 verbose stack     at ChildProcess.<anonymous> (C:\Users\obeing\AppData\Roaming\npm\node_modules\npm\lib\utils\spawn.js:40:14)
14 verbose stack     at emitTwo (events.js:87:13)
14 verbose stack     at ChildProcess.emit (events.js:172:7)
14 verbose stack     at maybeClose (internal/child_process.js:829:16)
14 verbose stack     at Process.ChildProcess._handle.onexit (internal/child_process.js:211:5)
15 verbose pkgid resume@1.0.0
16 verbose cwd E:\code\resume\server
17 error Windows_NT 10.0.14393
18 error argv "E:\\node.js\\node.exe" "C:\\Users\\obeing\\AppData\\Roaming\\npm\\node_modules\\npm\\bin\\npm-cli.js" "start"
19 error node v4.6.0
20 error npm  v4.0.2
21 error code ELIFECYCLE
22 error resume@1.0.0 start: `node ./bin/www`
22 error Exit status 1
23 error Failed at the resume@1.0.0 start script 'node ./bin/www'.
23 error Make sure you have the latest version of node.js and npm installed.
23 error If you do, this is most likely a problem with the resume package,
23 error not with npm itself.
23 error Tell the author that this fails on your system:
23 error     node ./bin/www
23 error You can get information on how to open an issue for this project with:
23 error     npm bugs resume
23 error Or if that isn't available, you can get their info via:
23 error     npm owner ls resume
23 error There is likely additional logging output above.
24 verbose exit [ 1, true ]
